<?xml version="1.0" encoding="UTF-8"?>
<!-- Generated by org.testng.reporters.JUnitXMLReporter -->
<testsuite ignored="3" hostname="LAPTOP-MIO1IEDK" failures="0" tests="1" name="EmptyAddressTest" time="18.386" errors="0" timestamp="04 May 2019 17:06:45 GMT">
  <testcase classname="ca.on.elections.eregistration.SearchFieldsTests" name="testMandatoryFields" time="4.814"/>
  <testcase classname="ca.on.elections.eregistration.SearchFieldsTests" name="openAddressLink" time="0.0">
    <ignored/>
  </testcase> <!-- openAddressLink -->
  <testcase classname="ca.on.elections.eregistration.SearchFieldsTests" name="positiveSearchTests" time="0.0">
    <ignored/>
  </testcase> <!-- positiveSearchTests -->
  <testcase classname="ca.on.elections.eregistration.SearchFieldsTests" name="openLinkTest" time="0.0">
    <ignored/>
  </testcase> <!-- openLinkTest -->
</testsuite> <!-- EmptyAddressTest -->
