<?xml version="1.0" encoding="UTF-8"?>
<!-- Generated by org.testng.reporters.JUnitXMLReporter -->
<testsuite ignored="0" hostname="LAPTOP-MIO1IEDK" failures="0" tests="3" name="NegativeLastNameTest" time="38.528" errors="0" timestamp="04 May 2019 04:42:09 GMT">
  <testcase classname="ca.on.elections.eregistration.NegativeTests" name="openAddressLink" time="0.124"/>
  <testcase classname="ca.on.elections.eregistration.NegativeTests" name="positiveTests" time="3.913"/>
  <testcase classname="ca.on.elections.eregistration.NegativeTests" name="testMandatoryFields" time="5.635"/>
</testsuite> <!-- NegativeLastNameTest -->
